# JRE version: OpenJDK Runtime Environment (11.0.11+9) (build 11.0.11+9-b60-7590822)
# Java VM: OpenJDK 64-Bit Server VM (11.0.11+9-b60-7590822, mixed mode, tiered, compressed oops, g1 gc, windows-amd64)
Heap:
 garbage-first heap   total 283648K, used 97105K [0x0000000080000000, 0x0000000100000000)
  region size 1024K, 2 young (2048K), 2 survivors (2048K)
 Metaspace       used 135914K, capacity 140686K, committed 141008K, reserved 1171456K
  class space    used 16359K, capacity 18122K, committed 18252K, reserved 1048576K
GC Heap History (20 events):
Event: 14221.091 GC heap after
{Heap after GC invocations=411 (full 0):
 garbage-first heap   total 201728K, used 123710K [0x0000000080000000, 0x0000000100000000)
  region size 1024K, 6 young (6144K), 6 survivors (6144K)
 Metaspace       used 135753K, capacity 140476K, committed 140752K, reserved 1171456K
  class space    used 16357K, capacity 18119K, committed 18252K, reserved 1048576K
}
Event: 14221.476 GC heap before
{Heap before GC invocations=412 (full 0):
 garbage-first heap   total 201728K, used 158526K [0x0000000080000000, 0x0000000100000000)
  region size 1024K, 40 young (40960K), 6 survivors (6144K)
 Metaspace       used 135756K, capacity 140476K, committed 140752K, reserved 1171456K
  class space    used 16357K, capacity 18119K, committed 18252K, reserved 1048576K
}
Event: 14221.501 GC heap after
{Heap after GC invocations=413 (full 0):
 garbage-first heap   total 201728K, used 127946K [0x0000000080000000, 0x0000000100000000)
  region size 1024K, 4 young (4096K), 4 survivors (4096K)
 Metaspace       used 135756K, capacity 140476K, committed 140752K, reserved 1171456K
  class space    used 16357K, capacity 18119K, committed 18252K, reserved 1048576K
}
Event: 14221.514 GC heap before
{Heap before GC invocations=413 (full 0):
 garbage-first heap   total 201728K, used 133066K [0x0000000080000000, 0x0000000100000000)
  region size 1024K, 9 young (9216K), 4 survivors (4096K)
 Metaspace       used 135757K, capacity 140476K, committed 140752K, reserved 1171456K
  class space    used 16357K, capacity 18119K, committed 18252K, reserved 1048576K
}
Event: 14221.537 GC heap after
{Heap after GC invocations=414 (full 0):
 garbage-first heap   total 201728K, used 116445K [0x0000000080000000, 0x0000000100000000)
  region size 1024K, 1 young (1024K), 1 survivors (1024K)
 Metaspace       used 135757K, capacity 140476K, committed 140752K, reserved 1171456K
  class space    used 16357K, capacity 18119K, committed 18252K, reserved 1048576K
}
Event: 14221.641 GC heap before
{Heap before GC invocations=414 (full 0):
 garbage-first heap   total 201728K, used 155357K [0x0000000080000000, 0x0000000100000000)
  region size 1024K, 39 young (39936K), 1 survivors (1024K)
 Metaspace       used 135757K, capacity 140476K, committed 140752K, reserved 1171456K
  class space    used 16357K, capacity 18119K, committed 18252K, reserved 1048576K
}
Event: 14221.647 GC heap after
{Heap after GC invocations=415 (full 0):
 garbage-first heap   total 201728K, used 115900K [0x0000000080000000, 0x0000000100000000)
  region size 1024K, 1 young (1024K), 1 survivors (1024K)
 Metaspace       used 135757K, capacity 140476K, committed 140752K, reserved 1171456K
  class space    used 16357K, capacity 18119K, committed 18252K, reserved 1048576K
}
Event: 14221.730 GC heap before
{Heap before GC invocations=415 (full 0):
 garbage-first heap   total 201728K, used 157884K [0x0000000080000000, 0x0000000100000000)
  region size 1024K, 42 young (43008K), 1 survivors (1024K)
 Metaspace       used 135762K, capacity 140476K, committed 140752K, reserved 1171456K
  class space    used 16357K, capacity 18119K, committed 18252K, reserved 1048576K
}
Event: 14221.732 GC heap after
{Heap after GC invocations=416 (full 0):
 garbage-first heap   total 201728K, used 115779K [0x0000000080000000, 0x0000000100000000)
  region size 1024K, 1 young (1024K), 1 survivors (1024K)
 Metaspace       used 135762K, capacity 140476K, committed 140752K, reserved 1171456K
  class space    used 16357K, capacity 18119K, committed 18252K, reserved 1048576K
}
Event: 14221.900 GC heap before
{Heap before GC invocations=416 (full 0):
 garbage-first heap   total 201728K, used 159811K [0x0000000080000000, 0x0000000100000000)
  region size 1024K, 44 young (45056K), 1 survivors (1024K)
 Metaspace       used 135762K, capacity 140476K, committed 140752K, reserved 1171456K
  class space    used 16357K, capacity 18119K, committed 18252K, reserved 1048576K
}
Event: 14221.903 GC heap after
{Heap after GC invocations=417 (full 0):
 garbage-first heap   total 201728K, used 115759K [0x0000000080000000, 0x0000000100000000)
  region size 1024K, 1 young (1024K), 1 survivors (1024K)
 Metaspace       used 135762K, capacity 140476K, committed 140752K, reserved 1171456K
  class space    used 16357K, capacity 18119K, committed 18252K, reserved 1048576K
}
Event: 14222.501 GC heap before
{Heap before GC invocations=418 (full 0):
 garbage-first heap   total 201728K, used 177199K [0x0000000080000000, 0x0000000100000000)
  region size 1024K, 46 young (47104K), 1 survivors (1024K)
 Metaspace       used 135832K, capacity 140558K, committed 140752K, reserved 1171456K
  class space    used 16359K, capacity 18122K, committed 18252K, reserved 1048576K
}
Event: 14222.516 GC heap after
{Heap after GC invocations=419 (full 0):
 garbage-first heap   total 201728K, used 123285K [0x0000000080000000, 0x0000000100000000)
  region size 1024K, 6 young (6144K), 6 survivors (6144K)
 Metaspace       used 135832K, capacity 140558K, committed 140752K, reserved 1171456K
  class space    used 16359K, capacity 18122K, committed 18252K, reserved 1048576K
}
Event: 14222.526 GC heap before
{Heap before GC invocations=419 (full 0):
 garbage-first heap   total 201728K, used 126357K [0x0000000080000000, 0x0000000100000000)
  region size 1024K, 9 young (9216K), 6 survivors (6144K)
 Metaspace       used 135832K, capacity 140558K, committed 140752K, reserved 1171456K
  class space    used 16359K, capacity 18122K, committed 18252K, reserved 1048576K
}
Event: 14222.544 GC heap after
{Heap after GC invocations=420 (full 0):
 garbage-first heap   total 201728K, used 122663K [0x0000000080000000, 0x0000000100000000)
  region size 1024K, 1 young (1024K), 1 survivors (1024K)
 Metaspace       used 135832K, capacity 140558K, committed 140752K, reserved 1171456K
  class space    used 16359K, capacity 18122K, committed 18252K, reserved 1048576K
}
Event: 14223.448 GC heap before
{Heap before GC invocations=420 (full 0):
 garbage-first heap   total 201728K, used 162599K [0x0000000080000000, 0x0000000100000000)
  region size 1024K, 41 young (41984K), 1 survivors (1024K)
 Metaspace       used 135902K, capacity 140622K, committed 141008K, reserved 1171456K
  class space    used 16359K, capacity 18122K, committed 18252K, reserved 1048576K
}
Event: 14223.464 GC heap after
{Heap after GC invocations=421 (full 0):
 garbage-first heap   total 201728K, used 125181K [0x0000000080000000, 0x0000000100000000)
  region size 1024K, 4 young (4096K), 4 survivors (4096K)
 Metaspace       used 135902K, capacity 140622K, committed 141008K, reserved 1171456K
  class space    used 16359K, capacity 18122K, committed 18252K, reserved 1048576K
}
Event: 14228.530 GC heap before
{Heap before GC invocations=422 (full 0):
 garbage-first heap   total 201728K, used 148733K [0x0000000080000000, 0x0000000100000000)
  region size 1024K, 43 young (44032K), 4 survivors (4096K)
 Metaspace       used 135914K, capacity 140686K, committed 141008K, reserved 1171456K
  class space    used 16359K, capacity 18122K, committed 18252K, reserved 1048576K
}
Event: 14228.544 GC heap after
{Heap after GC invocations=423 (full 0):
 garbage-first heap   total 201728K, used 111876K [0x0000000080000000, 0x0000000100000000)
  region size 1024K, 5 young (5120K), 5 survivors (5120K)
 Metaspace       used 135914K, capacity 140686K, committed 141008K, reserved 1171456K
  class space    used 16359K, capacity 18122K, committed 18252K, reserved 1048576K
}
Event: 14228.552 GC heap before
{Heap before GC invocations=423 (full 0):
 garbage-first heap   total 201728K, used 115972K [0x0000000080000000, 0x0000000100000000)
  region size 1024K, 9 young (9216K), 5 survivors (5120K)
 Metaspace       used 135914K, capacity 140686K, committed 141008K, reserved 1171456K
  class space    used 16359K, capacity 18122K, committed 18252K, reserved 1048576K
}

